<?xml version="1.0" encoding="UTF-8" ?>
<testsuite failures="0" time="0.774" errors="0" skipped="0" tests="24" name="TestSuite">
  <properties>
    <property name="java.runtime.name" value="Java(TM) SE Runtime Environment"/>
    <property name="sun.boot.library.path" value="/System/Library/Java/JavaVirtualMachines/1.6.0.jdk/Contents/Libraries"/>
    <property name="java.vm.version" value="20.12-b01-434"/>
    <property name="awt.nativeDoubleBuffering" value="true"/>
    <property name="gopherProxySet" value="false"/>
    <property name="mrj.build" value="10M3909"/>
    <property name="java.vm.vendor" value="Apple Inc."/>
    <property name="java.vendor.url" value="http://www.apple.com/"/>
    <property name="path.separator" value=":"/>
    <property name="java.vm.name" value="Java HotSpot(TM) 64-Bit Server VM"/>
    <property name="file.encoding.pkg" value="sun.io"/>
    <property name="user.country" value="ES"/>
    <property name="sun.java.launcher" value="SUN_STANDARD"/>
    <property name="sun.os.patch.level" value="unknown"/>
    <property name="java.vm.specification.name" value="Java Virtual Machine Specification"/>
    <property name="user.dir" value="/Users/michaux/Development/wspace/jlab/humanize/humanize-joda"/>
    <property name="java.runtime.version" value="1.6.0_37-b06-434-10M3909"/>
    <property name="java.awt.graphicsenv" value="apple.awt.CGraphicsEnvironment"/>
    <property name="basedir" value="/Users/michaux/Development/wspace/jlab/humanize/humanize-joda"/>
    <property name="java.endorsed.dirs" value="/System/Library/Java/JavaVirtualMachines/1.6.0.jdk/Contents/Home/lib/endorsed"/>
    <property name="os.arch" value="x86_64"/>
    <property name="surefire.real.class.path" value="/var/folders/gr/grnLsoeiFNmwfJcKUX0Knk+++TI/-Tmp-/surefirebooter8041085888829978216.jar"/>
    <property name="java.io.tmpdir" value="/var/folders/gr/grnLsoeiFNmwfJcKUX0Knk+++TI/-Tmp-/"/>
    <property name="line.separator" value="
"/>
    <property name="java.vm.specification.vendor" value="Sun Microsystems Inc."/>
    <property name="os.name" value="Mac OS X"/>
    <property name="sun.jnu.encoding" value="MacRoman"/>
    <property name="java.library.path" value=".:/Library/Java/Extensions:/System/Library/Java/Extensions:/usr/lib/java"/>
    <property name="surefire.test.class.path" value="/Users/michaux/Development/wspace/jlab/humanize/humanize-joda/target/test-classes:/Users/michaux/Development/wspace/jlab/humanize/humanize-joda/target/classes:/Users/michaux/Development/wspace/jlab/humanize/humanize-slim/target/humanize-slim-0.1.6-SNAPSHOT.jar:/Users/michaux/.m2/repository/com/google/guava/guava/13.0/guava-13.0.jar:/Users/michaux/.m2/repository/org/ocpsoft/prettytime/prettytime/2.0.0.Final/prettytime-2.0.0.Final.jar:/Users/michaux/.m2/repository/joda-time/joda-time/2.1/joda-time-2.1.jar:/Users/michaux/.m2/repository/org/testng/testng/6.5.2/testng-6.5.2.jar:/Users/michaux/.m2/repository/junit/junit/4.10/junit-4.10.jar:/Users/michaux/.m2/repository/org/hamcrest/hamcrest-core/1.1/hamcrest-core-1.1.jar:/Users/michaux/.m2/repository/org/beanshell/bsh/2.0b4/bsh-2.0b4.jar:/Users/michaux/.m2/repository/com/beust/jcommander/1.12/jcommander-1.12.jar:/Users/michaux/.m2/repository/org/yaml/snakeyaml/1.6/snakeyaml-1.6.jar:"/>
    <property name="java.specification.name" value="Java Platform API Specification"/>
    <property name="java.class.version" value="50.0"/>
    <property name="sun.management.compiler" value="HotSpot 64-Bit Tiered Compilers"/>
    <property name="os.version" value="10.6.8"/>
    <property name="http.nonProxyHosts" value="local|*.local|169.254/16|*.169.254/16"/>
    <property name="user.home" value="/Users/michaux"/>
    <property name="user.timezone" value="Europe/Madrid"/>
    <property name="java.awt.printerjob" value="apple.awt.CPrinterJob"/>
    <property name="java.specification.version" value="1.6"/>
    <property name="file.encoding" value="MacRoman"/>
    <property name="user.name" value="michaux"/>
    <property name="java.class.path" value="/Users/michaux/Development/wspace/jlab/humanize/humanize-joda/target/test-classes:/Users/michaux/Development/wspace/jlab/humanize/humanize-joda/target/classes:/Users/michaux/Development/wspace/jlab/humanize/humanize-slim/target/humanize-slim-0.1.6-SNAPSHOT.jar:/Users/michaux/.m2/repository/com/google/guava/guava/13.0/guava-13.0.jar:/Users/michaux/.m2/repository/org/ocpsoft/prettytime/prettytime/2.0.0.Final/prettytime-2.0.0.Final.jar:/Users/michaux/.m2/repository/joda-time/joda-time/2.1/joda-time-2.1.jar:/Users/michaux/.m2/repository/org/testng/testng/6.5.2/testng-6.5.2.jar:/Users/michaux/.m2/repository/junit/junit/4.10/junit-4.10.jar:/Users/michaux/.m2/repository/org/hamcrest/hamcrest-core/1.1/hamcrest-core-1.1.jar:/Users/michaux/.m2/repository/org/beanshell/bsh/2.0b4/bsh-2.0b4.jar:/Users/michaux/.m2/repository/com/beust/jcommander/1.12/jcommander-1.12.jar:/Users/michaux/.m2/repository/org/yaml/snakeyaml/1.6/snakeyaml-1.6.jar:"/>
    <property name="java.vm.specification.version" value="1.0"/>
    <property name="sun.arch.data.model" value="64"/>
    <property name="java.home" value="/System/Library/Java/JavaVirtualMachines/1.6.0.jdk/Contents/Home"/>
    <property name="sun.java.command" value="/var/folders/gr/grnLsoeiFNmwfJcKUX0Knk+++TI/-Tmp-/surefirebooter8041085888829978216.jar /var/folders/gr/grnLsoeiFNmwfJcKUX0Knk+++TI/-Tmp-/surefire5864525727998146445tmp /var/folders/gr/grnLsoeiFNmwfJcKUX0Knk+++TI/-Tmp-/surefire4968554173925120551tmp"/>
    <property name="java.specification.vendor" value="Sun Microsystems Inc."/>
    <property name="user.language" value="es"/>
    <property name="awt.toolkit" value="apple.awt.CToolkit"/>
    <property name="java.vm.info" value="mixed mode"/>
    <property name="java.version" value="1.6.0_37"/>
    <property name="java.ext.dirs" value="/Library/Java/Extensions:/System/Library/Java/Extensions:/System/Library/Java/JavaVirtualMachines/1.6.0.jdk/Contents/Home/lib/ext"/>
    <property name="sun.boot.class.path" value="/System/Library/Java/JavaVirtualMachines/1.6.0.jdk/Contents/Classes/jsfd.jar:/System/Library/Java/JavaVirtualMachines/1.6.0.jdk/Contents/Classes/classes.jar:/System/Library/Frameworks/JavaVM.framework/Frameworks/JavaRuntimeSupport.framework/Resources/Java/JavaRuntimeSupport.jar:/System/Library/Java/JavaVirtualMachines/1.6.0.jdk/Contents/Classes/ui.jar:/System/Library/Java/JavaVirtualMachines/1.6.0.jdk/Contents/Classes/laf.jar:/System/Library/Java/JavaVirtualMachines/1.6.0.jdk/Contents/Classes/sunrsasign.jar:/System/Library/Java/JavaVirtualMachines/1.6.0.jdk/Contents/Classes/jsse.jar:/System/Library/Java/JavaVirtualMachines/1.6.0.jdk/Contents/Classes/jce.jar:/System/Library/Java/JavaVirtualMachines/1.6.0.jdk/Contents/Classes/charsets.jar"/>
    <property name="java.vendor" value="Apple Inc."/>
    <property name="localRepository" value="/Users/michaux/.m2/repository"/>
    <property name="file.separator" value="/"/>
    <property name="java.vendor.url.bug" value="http://bugreport.apple.com/"/>
    <property name="sun.cpu.endian" value="little"/>
    <property name="sun.io.unicode.encoding" value="UnicodeLittle"/>
    <property name="mrj.version" value="1060.1.6.0_37-434"/>
    <property name="socksNonProxyHosts" value="local|*.local|169.254/16|*.169.254/16"/>
    <property name="ftp.nonProxyHosts" value="local|*.local|169.254/16|*.169.254/16"/>
    <property name="sun.cpu.isalist" value=""/>
  </properties>
  <testcase time="0.197" classname="humanize.time.joda.TestHumanizeMessage" name="boxing"/>
  <testcase time="0.089" classname="humanize.time.joda.TestHumanizeMessage" name="dateTime"/>
  <testcase time="0.089" classname="humanize.time.joda.TestHumanizeMessage" name="dateTime"/>
  <testcase time="0.09" classname="humanize.time.joda.TestHumanizeMessage" name="dateTime"/>
  <testcase time="0.09" classname="humanize.time.joda.TestHumanizeMessage" name="dateTime"/>
  <testcase time="0.09" classname="humanize.time.joda.TestHumanizeMessage" name="dateTime"/>
  <testcase time="0.09" classname="humanize.time.joda.TestHumanizeMessage" name="dateTime"/>
  <testcase time="0.091" classname="humanize.time.joda.TestHumanizeMessage" name="dateTime"/>
  <testcase time="0.091" classname="humanize.time.joda.TestHumanizeMessage" name="dateTime"/>
  <testcase time="0.092" classname="humanize.time.joda.TestHumanizeMessage" name="dateTime"/>
  <testcase time="0.092" classname="humanize.time.joda.TestHumanizeMessage" name="dateTime"/>
  <testcase time="0.011" classname="humanize.time.joda.TestHumanizeMessage" name="period"/>
  <testcase time="0.011" classname="humanize.time.joda.TestHumanizeMessage" name="period"/>
  <testcase time="0.011" classname="humanize.time.joda.TestHumanizeMessage" name="period"/>
  <testcase time="0.011" classname="humanize.time.joda.TestHumanizeMessage" name="period"/>
  <testcase time="0.012" classname="humanize.time.joda.TestHumanizeMessage" name="period"/>
  <testcase time="0.012" classname="humanize.time.joda.TestHumanizeMessage" name="period"/>
  <testcase time="0.012" classname="humanize.time.joda.TestHumanizeMessage" name="period"/>
  <testcase time="0.012" classname="humanize.time.joda.TestHumanizeMessage" name="period"/>
  <testcase time="0.013" classname="humanize.time.joda.TestHumanizeMessage" name="period"/>
  <testcase time="0.013" classname="humanize.time.joda.TestHumanizeMessage" name="period"/>
  <testcase time="0.002" classname="humanize.time.joda.TestJodaTime" name="dateFormat"/>
  <testcase time="0.003" classname="humanize.time.joda.TestJodaTime" name="periodFormat"/>
  <testcase time="0.018" classname="humanize.time.joda.TestJodaTimeFormat" name="instance"/>
</testsuite>