<?xml version="1.0" encoding="UTF-8"?>
<!-- Generated by org.testng.reporters.JUnitReportReporter -->
<testsuite hostname="MacBook-Pro-de-Michaux.local" name="humanize.time.joda.TestJodaTime" tests="2" failures="0" timestamp="19 Dec 2012 11:22:29 GMT" time="0,126" errors="0">
  <testcase name="periodFormat" time="0,021" classname="humanize.time.joda.TestJodaTime"/>
  <testcase name="dateFormat" time="0,105" classname="humanize.time.joda.TestJodaTime"/>
</testsuite>
