<?xml version="1.0" encoding="UTF-8"?>
<!-- Generated by org.testng.reporters.JUnitReportReporter -->
<testsuite hostname="MacBook-Pro-de-Michaux.local" name="humanize.time.joda.TestJodaTimeFormat" tests="1" failures="0" timestamp="19 Dec 2012 19:52:38 GMT" time="0,158" errors="0">
  <testcase name="instance" time="0,158" classname="humanize.time.joda.TestJodaTimeFormat"/>
</testsuite>
