<?xml version="1.0" encoding="UTF-8"?>
<!-- Generated by org.testng.reporters.JUnitReportReporter -->
<testsuite hostname="MacBook-Pro-de-Michaux.local" name="humanize.time.joda.TestHumanizeMessage" tests="21" failures="0" timestamp="20 Dec 2012 14:25:57 GMT" time="1.243" errors="0">
  <testcase name="period" time="0.012" classname="humanize.time.joda.TestHumanizeMessage"/>
  <testcase name="dateTime" time="0.093" classname="humanize.time.joda.TestHumanizeMessage"/>
  <testcase name="period" time="0.013" classname="humanize.time.joda.TestHumanizeMessage"/>
  <testcase name="dateTime" time="0.090" classname="humanize.time.joda.TestHumanizeMessage"/>
  <testcase name="dateTime" time="0.091" classname="humanize.time.joda.TestHumanizeMessage"/>
  <testcase name="dateTime" time="0.091" classname="humanize.time.joda.TestHumanizeMessage"/>
  <testcase name="period" time="0.014" classname="humanize.time.joda.TestHumanizeMessage"/>
  <testcase name="period" time="0.014" classname="humanize.time.joda.TestHumanizeMessage"/>
  <testcase name="period" time="0.012" classname="humanize.time.joda.TestHumanizeMessage"/>
  <testcase name="dateTime" time="0.093" classname="humanize.time.joda.TestHumanizeMessage"/>
  <testcase name="dateTime" time="0.089" classname="humanize.time.joda.TestHumanizeMessage"/>
  <testcase name="boxing" time="0.196" classname="humanize.time.joda.TestHumanizeMessage"/>
  <testcase name="dateTime" time="0.092" classname="humanize.time.joda.TestHumanizeMessage"/>
  <testcase name="period" time="0.013" classname="humanize.time.joda.TestHumanizeMessage"/>
  <testcase name="dateTime" time="0.091" classname="humanize.time.joda.TestHumanizeMessage"/>
  <testcase name="dateTime" time="0.092" classname="humanize.time.joda.TestHumanizeMessage"/>
  <testcase name="period" time="0.013" classname="humanize.time.joda.TestHumanizeMessage"/>
  <testcase name="period" time="0.014" classname="humanize.time.joda.TestHumanizeMessage"/>
  <testcase name="period" time="0.012" classname="humanize.time.joda.TestHumanizeMessage"/>
  <testcase name="period" time="0.014" classname="humanize.time.joda.TestHumanizeMessage"/>
  <testcase name="dateTime" time="0.094" classname="humanize.time.joda.TestHumanizeMessage"/>
</testsuite> <!-- humanize.time.joda.TestHumanizeMessage -->
