<?xml version="1.0" encoding="UTF-8"?>
<!-- Generated by org.testng.reporters.JUnitReportReporter -->
<testsuite hostname="MacBook-Pro-de-Michaux.local" name="humanize.time.joda.TestJodaTimeFormat" tests="1" failures="0" timestamp="20 Dec 2012 14:25:57 GMT" time="0.018" errors="0">
  <testcase name="instance" time="0.018" classname="humanize.time.joda.TestJodaTimeFormat"/>
</testsuite> <!-- humanize.time.joda.TestJodaTimeFormat -->
