<?xml version="1.0" encoding="UTF-8"?>
<!-- Generated by org.testng.reporters.JUnitReportReporter -->
<testsuite hostname="MacBook-Pro-de-Michaux.local" name="humanize.time.joda.TestJodaTime" tests="2" failures="0" timestamp="20 Dec 2012 14:25:57 GMT" time="0.005" errors="0">
  <testcase name="periodFormat" time="0.003" classname="humanize.time.joda.TestJodaTime"/>
  <testcase name="dateFormat" time="0.002" classname="humanize.time.joda.TestJodaTime"/>
</testsuite> <!-- humanize.time.joda.TestJodaTime -->
